<?xml version="1.0" encoding="UTF-8"?>
<!-- Generated by org.testng.reporters.JUnitReportReporter -->
<testsuite skipped="0" hostname="PC380387" name="com.mckesson.suite.InpatientRegistration.InpatientRegistrationTest" tests="2" failures="0" timestamp="19 Jan 2018 14:08:28 GMT" time="21.955" errors="0">
  <testcase name="OutpatientRegistration" time="12.191" classname="com.mckesson.suite.InpatientRegistration.InpatientRegistrationTest"/>
  <testcase name="OutpatientRegistration" time="9.764" classname="com.mckesson.suite.InpatientRegistration.InpatientRegistrationTest"/>
</testsuite> <!-- com.mckesson.suite.InpatientRegistration.InpatientRegistrationTest -->
